Informe de ERC (2025-06-14T07:59:48-0600, codificación UTF8)

***** Hoja /
[lib_symbol_issues]: La configuración actual no incluye la biblioteca 'TL072CP'
    ; warning
    @(2350,00 mils, 3750,00 mils): Símbolo U1 [TL072CP]
[power_pin_not_driven]: Pin de entrada de alimentación no conectado a ningún pin de salida
    ; error
    @(2650,00 mils, 1000,00 mils): Symbol #PWR04 Pin 1 [Entrada de alimentación, Línea]
[power_pin_not_driven]: Pin de entrada de alimentación no conectado a ningún pin de salida
    ; error
    @(3000,00 mils, 1350,00 mils): Symbol #PWR07 Pin 1 [Entrada de alimentación, Línea]
[multiple_net_names]: Tanto GND como BAT- están conectados a los mismos elementos; se utilizará GND en el listado de redes
    ; warning
    @(1950,00 mils, 1200,00 mils): Symbol #PWR03 Pin 1 [Entrada de alimentación, Línea]
    @(1850,00 mils, 1100,00 mils): Etiqueta 'BAT-'
[multiple_net_names]: Tanto +9V como BAT+ están conectados a los mismos elementos; se utilizará +9V en el listado de redes
    ; warning
    @(2650,00 mils, 1000,00 mils): Symbol #PWR04 Pin 1 [Entrada de alimentación, Línea]
    @(1850,00 mils, 1000,00 mils): Etiqueta 'BAT+'
[power_pin_not_driven]: Pin de entrada de alimentación no conectado a ningún pin de salida
    ; error
    @(2800,00 mils, 1850,00 mils): Symbol #PWR01 Pin 1 [Entrada de alimentación, Línea]
[lib_symbol_issues]: La configuración actual no incluye la biblioteca 'TL072CP'
    ; warning
    @(8850,00 mils, 5700,00 mils): Símbolo U2 [TL072CP]
[pin_not_connected]: Pin no conectado
    ; error
    @(15450,00 mils, 6550,00 mils): Symbol J3 Pin 1 [Pin_1, Pasivo, Línea]

**Mensajes ERC: 8. Errores4, Avisos 4
